Build started 10.03.2015 18:39:36.
     1>Project "d:\users_folders\volodymyr_main\documents\visual studio 2013\Projects\MapGenerator\MapGenerator\MapGenerator.vcxproj" on node 2 (Build target(s)).
     1>ClCompile:
         C:\Program Files (x86)\Microsoft Visual Studio 12.0\VC\bin\CL.exe /c /ZI /nologo /W3 /WX- /sdl /Od /Oy- /D WIN32 /D _DEBUG /D _CONSOLE /D _LIB /D _UNICODE /D UNICODE /Gm /EHsc /RTC1 /MDd /GS /fp:precise /Zc:wchar_t /Zc:forScope /Fo"Debug\\" /Fd"Debug\vc120.pdb" /Gd /TP /analyze- /errorReport:prompt Averaging.cpp Diamond_square.cpp Draw.cpp Hill_algorithm.cpp MapGenerator.cpp Perlin_map.cpp Perlin_noise.cpp Random.cpp Rand_Mersenn.cpp stdafx.cpp Thermal_er.cpp Water_er.cpp Water_erosion_XPB.cpp
         Water_erosion_XPB.cpp
         Water_er.cpp
         Thermal_er.cpp
         stdafx.cpp
         Rand_Mersenn.cpp
         Random.cpp
         Perlin_noise.cpp
         Perlin_map.cpp
         MapGenerator.cpp
         Hill_algorithm.cpp
         Draw.cpp
         Diamond_square.cpp
         Averaging.cpp
         Generating Code...
       Link:
         C:\Program Files (x86)\Microsoft Visual Studio 12.0\VC\bin\link.exe /ERRORREPORT:PROMPT /OUT:"d:\users_folders\volodymyr_main\documents\visual studio 2013\Projects\MapGenerator\Debug\MapGenerator.exe" /INCREMENTAL /NOLOGO opengl32.lib glut32.lib glu32.lib kernel32.lib user32.lib gdi32.lib winspool.lib comdlg32.lib advapi32.lib shell32.lib ole32.lib oleaut32.lib uuid.lib odbc32.lib odbccp32.lib kernel32.lib user32.lib gdi32.lib winspool.lib comdlg32.lib advapi32.lib shell32.lib ole32.lib oleaut32.lib uuid.lib odbc32.lib odbccp32.lib /NODEFAULTLIB:LIBCD.lib /MANIFEST /MANIFESTUAC:"level='asInvoker' uiAccess='false'" /manifest:embed /DEBUG /PDB:"d:\users_folders\volodymyr_main\documents\visual studio 2013\Projects\MapGenerator\Debug\MapGenerator.pdb" /SUBSYSTEM:CONSOLE /TLBID:1 /DYNAMICBASE /NXCOMPAT /IMPLIB:"d:\users_folders\volodymyr_main\documents\visual studio 2013\Projects\MapGenerator\Debug\MapGenerator.lib" /MACHINE:X86 Debug\Averaging.obj
         Debug\Diamond_square.obj
         Debug\Draw.obj
         Debug\Hill_algorithm.obj
         Debug\MapGenerator.obj
         Debug\Perlin_map.obj
         Debug\Perlin_noise.obj
         Debug\Random.obj
         Debug\Rand_Mersenn.obj
         Debug\stdafx.obj
         Debug\Thermal_er.obj
         Debug\Water_er.obj
         Debug\Water_erosion_XPB.obj
     1>Averaging.obj : warning LNK4075: ignoring '/EDITANDCONTINUE' due to '/OPT:LBR' specification
         MapGenerator.vcxproj -> d:\users_folders\volodymyr_main\documents\visual studio 2013\Projects\MapGenerator\Debug\MapGenerator.exe
     1>Done Building Project "d:\users_folders\volodymyr_main\documents\visual studio 2013\Projects\MapGenerator\MapGenerator\MapGenerator.vcxproj" (Build target(s)).

Build succeeded.

Time Elapsed 00:00:20.43
